                                      1 ;--------------------------------------------------------
                                      2 ; File Created by SDCC : free open source ANSI-C Compiler
                                      3 ; Version 4.1.0 #12072 (Linux)
                                      4 ;--------------------------------------------------------
                                      5 	.module diskio
                                      6 	.optsdcc -mstm8
                                      7 	
                                      8 ;--------------------------------------------------------
                                      9 ; Public variables in this module
                                     10 ;--------------------------------------------------------
                                     11 	.globl _SD_ReadByte
                                     12 	.globl _SD_WriteByte
                                     13 	.globl _SD_GetDataResponse
                                     14 	.globl _SD_GetResponse
                                     15 	.globl _SD_SendCmd
                                     16 	.globl _SD_Detect
                                     17 	.globl _SD_Init
                                     18 	.globl _dly
                                     19 	.globl _disk_initialize
                                     20 	.globl _disk_readp
                                     21 	.globl _disk_writep
                                     22 ;--------------------------------------------------------
                                     23 ; ram data
                                     24 ;--------------------------------------------------------
                                     25 	.area DATA
                           000000    26 Ldiskio.disk_writep$byteLeft$1_0$355==.
      000000                         27 _disk_writep_byteLeft_65536_355:
      000000                         28 	.ds 4
                                     29 ;--------------------------------------------------------
                                     30 ; ram data
                                     31 ;--------------------------------------------------------
                                     32 	.area INITIALIZED
                                     33 ;--------------------------------------------------------
                                     34 ; absolute external ram data
                                     35 ;--------------------------------------------------------
                                     36 	.area DABS (ABS)
                                     37 
                                     38 ; default segment ordering for linker
                                     39 	.area HOME
                                     40 	.area GSINIT
                                     41 	.area GSFINAL
                                     42 	.area CONST
                                     43 	.area INITIALIZER
                                     44 	.area CODE
                                     45 
                                     46 ;--------------------------------------------------------
                                     47 ; global & static initialisations
                                     48 ;--------------------------------------------------------
                                     49 	.area HOME
                                     50 	.area GSINIT
                                     51 	.area GSFINAL
                                     52 	.area GSINIT
                           000000    53 	G$disk_writep$0$0 ==.
                           000000    54 	C$diskio.c$95$1_0$355 ==.
                                     55 ;	../src/diskio.c: 95: static uint32_t byteLeft = 512;
                                     56 ; genAssign
      000000 AE 02 00         [ 2]   57 	ldw	x, #0x0200
      000003 CFu00u02         [ 2]   58 	ldw	_disk_writep_byteLeft_65536_355+2, x
      000006 5F               [ 1]   59 	clrw	x
      000007 CFu00u00         [ 2]   60 	ldw	_disk_writep_byteLeft_65536_355+0, x
                                     61 ;--------------------------------------------------------
                                     62 ; Home
                                     63 ;--------------------------------------------------------
                                     64 	.area HOME
                                     65 	.area HOME
                                     66 ;--------------------------------------------------------
                                     67 ; code
                                     68 ;--------------------------------------------------------
                                     69 	.area CODE
                           000000    70 	G$disk_initialize$0$0 ==.
                           000000    71 	C$diskio.c$13$0_0$341 ==.
                                     72 ;	../src/diskio.c: 13: DSTATUS disk_initialize ()
                                     73 ; genLabel
                                     74 ;	-----------------------------------------
                                     75 ;	 function disk_initialize
                                     76 ;	-----------------------------------------
                                     77 ;	Register assignment is optimal.
                                     78 ;	Stack space usage: 0 bytes.
      000000                         79 _disk_initialize:
                           000000    80 	C$diskio.c$16$1_0$341 ==.
                                     81 ;	../src/diskio.c: 16: if(SD_Detect() == SD_NOT_PRESENT)
                                     82 ; genCall
      000000 CDr00r00         [ 4]   83 	call	_SD_Detect
                                     84 ; genIfx
      000003 4D               [ 1]   85 	tnz	a
      000004 27 03            [ 1]   86 	jreq	00118$
      000006 CCr00r0E         [ 2]   87 	jp	00102$
      000009                         88 00118$:
                           000009    89 	C$diskio.c$17$1_0$341 ==.
                                     90 ;	../src/diskio.c: 17: return STA_NODISK;
                                     91 ; genReturn
      000009 A6 02            [ 1]   92 	ld	a, #0x02
      00000B CCr00r20         [ 2]   93 	jp	00106$
                                     94 ; genLabel
      00000E                         95 00102$:
                           00000E    96 	C$diskio.c$18$1_0$341 ==.
                                     97 ;	../src/diskio.c: 18: if(SD_Init() == SD_RESPONSE_FAILURE){
                                     98 ; genCall
      00000E CDr00r00         [ 4]   99 	call	_SD_Init
                                    100 ; genCmpEQorNE
      000011 4C               [ 1]  101 	inc	a
      000012 26 03            [ 1]  102 	jrne	00120$
      000014 CCr00r1A         [ 2]  103 	jp	00121$
      000017                        104 00120$:
      000017 CCr00r1F         [ 2]  105 	jp	00104$
      00001A                        106 00121$:
                                    107 ; skipping generated iCode
                           00001A   108 	C$diskio.c$19$2_0$342 ==.
                                    109 ;	../src/diskio.c: 19: return STA_NOINIT;
                                    110 ; genReturn
      00001A A6 01            [ 1]  111 	ld	a, #0x01
      00001C CCr00r20         [ 2]  112 	jp	00106$
                                    113 ; genLabel
      00001F                        114 00104$:
                           00001F   115 	C$diskio.c$21$2_0$343 ==.
                                    116 ;	../src/diskio.c: 21: return 0;
                                    117 ; genReturn
      00001F 4F               [ 1]  118 	clr	a
                                    119 ; genLabel
      000020                        120 00106$:
                           000020   121 	C$diskio.c$23$1_0$341 ==.
                                    122 ;	../src/diskio.c: 23: }
                                    123 ; genEndFunction
                           000020   124 	C$diskio.c$23$1_0$341 ==.
                           000020   125 	XG$disk_initialize$0$0 ==.
      000020 81               [ 4]  126 	ret
                           000021   127 	G$disk_readp$0$0 ==.
                           000021   128 	C$diskio.c$31$1_0$345 ==.
                                    129 ;	../src/diskio.c: 31: DRESULT disk_readp (
                                    130 ; genLabel
                                    131 ;	-----------------------------------------
                                    132 ;	 function disk_readp
                                    133 ;	-----------------------------------------
                                    134 ;	Register assignment might be sub-optimal.
                                    135 ;	Stack space usage: 12 bytes.
      000021                        136 _disk_readp:
      000021 52 0C            [ 2]  137 	sub	sp, #12
                           000023   138 	C$diskio.c$38$2_0$345 ==.
                                    139 ;	../src/diskio.c: 38: DRESULT res = RES_ERROR;
                                    140 ; genAssign
      000023 A6 01            [ 1]  141 	ld	a, #0x01
      000025 6B 0B            [ 1]  142 	ld	(0x0b, sp), a
                           000027   143 	C$diskio.c$41$1_0$345 ==.
                                    144 ;	../src/diskio.c: 41: SD_CS_LOW();
                                    145 ; genPointerGet
      000027 C6 50 0A         [ 1]  146 	ld	a, 0x500a
                                    147 ; genAnd
      00002A A4 EF            [ 1]  148 	and	a, #0xef
                                    149 ; genPointerSet
      00002C C7 50 0A         [ 1]  150 	ld	0x500a, a
                           00002F   151 	C$diskio.c$44$1_0$345 ==.
                                    152 ;	../src/diskio.c: 44: SD_SendCmd(SD_CMD_READ_SINGLE_BLOCK, sector, 0xFF);
                                    153 ; genIPush
      00002F 4B FF            [ 1]  154 	push	#0xff
                                    155 ; genIPush
      000031 1E 14            [ 2]  156 	ldw	x, (0x14, sp)
      000033 89               [ 2]  157 	pushw	x
      000034 1E 14            [ 2]  158 	ldw	x, (0x14, sp)
      000036 89               [ 2]  159 	pushw	x
                                    160 ; genIPush
      000037 4B 11            [ 1]  161 	push	#0x11
                                    162 ; genCall
      000039 CDr00r00         [ 4]  163 	call	_SD_SendCmd
      00003C 5B 06            [ 2]  164 	addw	sp, #6
                           00003E   165 	C$diskio.c$47$1_0$345 ==.
                                    166 ;	../src/diskio.c: 47: if (!SD_GetResponse(SD_RESPONSE_NO_ERROR))
                                    167 ; genIPush
      00003E 4B 00            [ 1]  168 	push	#0x00
                                    169 ; genCall
      000040 CDr00r00         [ 4]  170 	call	_SD_GetResponse
      000043 5B 01            [ 2]  171 	addw	sp, #1
      000045 6B 0C            [ 1]  172 	ld	(0x0c, sp), a
                                    173 ; genIfx
      000047 0D 0C            [ 1]  174 	tnz	(0x0c, sp)
      000049 27 03            [ 1]  175 	jreq	00162$
      00004B CCr00rFD         [ 2]  176 	jp	00107$
      00004E                        177 00162$:
                           00004E   178 	C$diskio.c$50$2_0$346 ==.
                                    179 ;	../src/diskio.c: 50: if (!SD_GetResponse(SD_START_DATA_SINGLE_BLOCK_READ))
                                    180 ; genIPush
      00004E 4B FE            [ 1]  181 	push	#0xfe
                                    182 ; genCall
      000050 CDr00r00         [ 4]  183 	call	_SD_GetResponse
      000053 5B 01            [ 2]  184 	addw	sp, #1
                                    185 ; genIfx
      000055 4D               [ 1]  186 	tnz	a
      000056 27 03            [ 1]  187 	jreq	00163$
      000058 CCr00rFD         [ 2]  188 	jp	00107$
      00005B                        189 00163$:
                           00005B   190 	C$diskio.c$53$4_0$348 ==.
                                    191 ;	../src/diskio.c: 53: for(i = 0; i < offset; i++){
                                    192 ; genAssign
      00005B 5F               [ 1]  193 	clrw	x
      00005C 90 5F            [ 1]  194 	clrw	y
                                    195 ; genAssign
      00005E 1F 0B            [ 2]  196 	ldw	(0x0b, sp), x
      000060 17 09            [ 2]  197 	ldw	(0x09, sp), y
                                    198 ; genLabel
      000062                        199 00109$:
                                    200 ; genCast
                                    201 ; genAssign
      000062 16 15            [ 2]  202 	ldw	y, (0x15, sp)
      000064 17 07            [ 2]  203 	ldw	(0x07, sp), y
      000066 0F 06            [ 1]  204 	clr	(0x06, sp)
      000068 0F 05            [ 1]  205 	clr	(0x05, sp)
                                    206 ; genCmp
                                    207 ; genCmpTop
      00006A 1E 0B            [ 2]  208 	ldw	x, (0x0b, sp)
      00006C 13 07            [ 2]  209 	cpw	x, (0x07, sp)
      00006E 7B 0A            [ 1]  210 	ld	a, (0x0a, sp)
      000070 12 06            [ 1]  211 	sbc	a, (0x06, sp)
      000072 7B 09            [ 1]  212 	ld	a, (0x09, sp)
      000074 12 05            [ 1]  213 	sbc	a, (0x05, sp)
      000076 25 03            [ 1]  214 	jrc	00164$
      000078 CCr00r8D         [ 2]  215 	jp	00127$
      00007B                        216 00164$:
                                    217 ; skipping generated iCode
                           00007B   218 	C$diskio.c$54$5_0$349 ==.
                                    219 ;	../src/diskio.c: 54: SD_ReadByte();
                                    220 ; genCall
      00007B CDr00r00         [ 4]  221 	call	_SD_ReadByte
                           00007E   222 	C$diskio.c$53$4_0$348 ==.
                                    223 ;	../src/diskio.c: 53: for(i = 0; i < offset; i++){
                                    224 ; genPlus
      00007E 1E 0B            [ 2]  225 	ldw	x, (0x0b, sp)
      000080 5C               [ 1]  226 	incw	x
      000081 1F 0B            [ 2]  227 	ldw	(0x0b, sp), x
      000083 26 05            [ 1]  228 	jrne	00165$
      000085 1E 09            [ 2]  229 	ldw	x, (0x09, sp)
      000087 5C               [ 1]  230 	incw	x
      000088 1F 09            [ 2]  231 	ldw	(0x09, sp), x
      00008A                        232 00165$:
                                    233 ; genGoto
      00008A CCr00r62         [ 2]  234 	jp	00109$
                                    235 ; genLabel
      00008D                        236 00127$:
                                    237 ; genAssign
      00008D 1E 0B            [ 2]  238 	ldw	x, (0x0b, sp)
                                    239 ; genPlus
      00008F 16 15            [ 2]  240 	ldw	y, (0x15, sp)
      000091 72 F9 17         [ 2]  241 	addw	y, (0x17, sp)
      000094 17 01            [ 2]  242 	ldw	(0x01, sp), y
                                    243 ; genAssign
      000096 16 0F            [ 2]  244 	ldw	y, (0x0f, sp)
      000098 17 07            [ 2]  245 	ldw	(0x07, sp), y
                                    246 ; genAssign
      00009A 1F 0B            [ 2]  247 	ldw	(0x0b, sp), x
      00009C 16 09            [ 2]  248 	ldw	y, (0x09, sp)
                                    249 ; genLabel
      00009E                        250 00112$:
                           00009E   251 	C$diskio.c$56$4_0$350 ==.
                                    252 ;	../src/diskio.c: 56: for (; i < offset+count; i++)
                                    253 ; genCast
                                    254 ; genAssign
      00009E 1E 01            [ 2]  255 	ldw	x, (0x01, sp)
      0000A0 1F 05            [ 2]  256 	ldw	(0x05, sp), x
      0000A2 0F 04            [ 1]  257 	clr	(0x04, sp)
      0000A4 0F 03            [ 1]  258 	clr	(0x03, sp)
                                    259 ; genCmp
                                    260 ; genCmpTop
      0000A6 1E 0B            [ 2]  261 	ldw	x, (0x0b, sp)
      0000A8 13 05            [ 2]  262 	cpw	x, (0x05, sp)
      0000AA 90 9F            [ 1]  263 	ld	a, yl
      0000AC 12 04            [ 1]  264 	sbc	a, (0x04, sp)
      0000AE 90 9E            [ 1]  265 	ld	a, yh
      0000B0 12 03            [ 1]  266 	sbc	a, (0x03, sp)
      0000B2 25 03            [ 1]  267 	jrc	00166$
      0000B4 CCr00rD2         [ 2]  268 	jp	00128$
      0000B7                        269 00166$:
                                    270 ; skipping generated iCode
                           0000B7   271 	C$diskio.c$59$5_0$351 ==.
                                    272 ;	../src/diskio.c: 59: *buff = SD_ReadByte();
                                    273 ; genCall
      0000B7 90 89            [ 2]  274 	pushw	y
      0000B9 CDr00r00         [ 4]  275 	call	_SD_ReadByte
      0000BC 90 85            [ 2]  276 	popw	y
                                    277 ; genPointerSet
      0000BE 1E 07            [ 2]  278 	ldw	x, (0x07, sp)
      0000C0 F7               [ 1]  279 	ld	(x), a
                           0000C1   280 	C$diskio.c$62$5_0$351 ==.
                                    281 ;	../src/diskio.c: 62: buff++;
                                    282 ; genPlus
      0000C1 1E 07            [ 2]  283 	ldw	x, (0x07, sp)
      0000C3 5C               [ 1]  284 	incw	x
      0000C4 1F 07            [ 2]  285 	ldw	(0x07, sp), x
      0000C6                        286 00167$:
                           0000C6   287 	C$diskio.c$56$4_0$350 ==.
                                    288 ;	../src/diskio.c: 56: for (; i < offset+count; i++)
                                    289 ; genPlus
      0000C6 1E 0B            [ 2]  290 	ldw	x, (0x0b, sp)
      0000C8 5C               [ 1]  291 	incw	x
      0000C9 1F 0B            [ 2]  292 	ldw	(0x0b, sp), x
      0000CB 26 02            [ 1]  293 	jrne	00168$
      0000CD 90 5C            [ 1]  294 	incw	y
      0000CF                        295 00168$:
                                    296 ; genGoto
      0000CF CCr00r9E         [ 2]  297 	jp	00112$
                                    298 ; genLabel
      0000D2                        299 00128$:
                                    300 ; genAssign
      0000D2 1E 0B            [ 2]  301 	ldw	x, (0x0b, sp)
                                    302 ; genAssign
                                    303 ; genLabel
      0000D4                        304 00115$:
                           0000D4   305 	C$diskio.c$64$4_0$352 ==.
                                    306 ;	../src/diskio.c: 64: for(;i < 512; i++){
                                    307 ; genCmp
                                    308 ; genCmpTop
      0000D4 A3 02 00         [ 2]  309 	cpw	x, #0x0200
      0000D7 90 9F            [ 1]  310 	ld	a, yl
      0000D9 A2 00            [ 1]  311 	sbc	a, #0x00
      0000DB 90 9E            [ 1]  312 	ld	a, yh
      0000DD A2 00            [ 1]  313 	sbc	a, #0x00
      0000DF 25 03            [ 1]  314 	jrc	00169$
      0000E1 CCr00rF5         [ 2]  315 	jp	00103$
      0000E4                        316 00169$:
                                    317 ; skipping generated iCode
                           0000E4   318 	C$diskio.c$65$5_0$353 ==.
                                    319 ;	../src/diskio.c: 65: SD_ReadByte();
                                    320 ; genCall
      0000E4 89               [ 2]  321 	pushw	x
      0000E5 90 89            [ 2]  322 	pushw	y
      0000E7 CDr00r00         [ 4]  323 	call	_SD_ReadByte
      0000EA 90 85            [ 2]  324 	popw	y
      0000EC 85               [ 2]  325 	popw	x
                           0000ED   326 	C$diskio.c$64$4_0$352 ==.
                                    327 ;	../src/diskio.c: 64: for(;i < 512; i++){
                                    328 ; genPlus
      0000ED 5C               [ 1]  329 	incw	x
      0000EE 26 02            [ 1]  330 	jrne	00170$
      0000F0 90 5C            [ 1]  331 	incw	y
      0000F2                        332 00170$:
                                    333 ; genGoto
      0000F2 CCr00rD4         [ 2]  334 	jp	00115$
                                    335 ; genLabel
      0000F5                        336 00103$:
                           0000F5   337 	C$diskio.c$68$3_0$347 ==.
                                    338 ;	../src/diskio.c: 68: SD_ReadByte();
                                    339 ; genCall
      0000F5 CDr00r00         [ 4]  340 	call	_SD_ReadByte
                           0000F8   341 	C$diskio.c$69$3_0$347 ==.
                                    342 ;	../src/diskio.c: 69: SD_ReadByte();
                                    343 ; genCall
      0000F8 CDr00r00         [ 4]  344 	call	_SD_ReadByte
                           0000FB   345 	C$diskio.c$71$3_0$347 ==.
                                    346 ;	../src/diskio.c: 71: res = RES_OK;
                                    347 ; genAssign
      0000FB 0F 0B            [ 1]  348 	clr	(0x0b, sp)
                                    349 ; genLabel
      0000FD                        350 00107$:
                           0000FD   351 	C$diskio.c$75$1_0$345 ==.
                                    352 ;	../src/diskio.c: 75: SD_CS_HIGH();
                                    353 ; genPointerGet
      0000FD C6 50 0A         [ 1]  354 	ld	a, 0x500a
                                    355 ; genOr
      000100 AA 10            [ 1]  356 	or	a, #0x10
                                    357 ; genPointerSet
      000102 C7 50 0A         [ 1]  358 	ld	0x500a, a
                           000105   359 	C$diskio.c$78$1_0$345 ==.
                                    360 ;	../src/diskio.c: 78: SD_WriteByte(SD_DUMMY_BYTE);
                                    361 ; genIPush
      000105 4B FF            [ 1]  362 	push	#0xff
                                    363 ; genCall
      000107 CDr00r00         [ 4]  364 	call	_SD_WriteByte
      00010A 84               [ 1]  365 	pop	a
                           00010B   366 	C$diskio.c$81$1_0$345 ==.
                                    367 ;	../src/diskio.c: 81: return res;
                                    368 ; genReturn
      00010B 7B 0B            [ 1]  369 	ld	a, (0x0b, sp)
                                    370 ; genLabel
      00010D                        371 00117$:
                           00010D   372 	C$diskio.c$82$1_0$345 ==.
                                    373 ;	../src/diskio.c: 82: }
                                    374 ; genEndFunction
      00010D 5B 0C            [ 2]  375 	addw	sp, #12
                           00010F   376 	C$diskio.c$82$1_0$345 ==.
                           00010F   377 	XG$disk_readp$0$0 ==.
      00010F 81               [ 4]  378 	ret
                           000110   379 	G$disk_writep$0$0 ==.
                           000110   380 	C$diskio.c$90$1_0$355 ==.
                                    381 ;	../src/diskio.c: 90: DRESULT disk_writep (
                                    382 ; genLabel
                                    383 ;	-----------------------------------------
                                    384 ;	 function disk_writep
                                    385 ;	-----------------------------------------
                                    386 ;	Register assignment might be sub-optimal.
                                    387 ;	Stack space usage: 6 bytes.
      000110                        388 _disk_writep:
      000110 52 06            [ 2]  389 	sub	sp, #6
                           000112   390 	C$diskio.c$97$2_0$355 ==.
                                    391 ;	../src/diskio.c: 97: DRESULT res = RES_ERROR;
                                    392 ; genAssign
      000112 A6 01            [ 1]  393 	ld	a, #0x01
      000114 6B 02            [ 1]  394 	ld	(0x02, sp), a
                           000116   395 	C$diskio.c$99$1_0$355 ==.
                                    396 ;	../src/diskio.c: 99: if (!buff) {
                                    397 ; genIfx
      000116 1E 09            [ 2]  398 	ldw	x, (0x09, sp)
      000118 27 03            [ 1]  399 	jreq	00193$
      00011A CCr02r16         [ 2]  400 	jp	00139$
      00011D                        401 00193$:
                           00011D   402 	C$diskio.c$100$2_0$356 ==.
                                    403 ;	../src/diskio.c: 100: if (sc) {
                                    404 ; genIfx
      00011D 1E 0D            [ 2]  405 	ldw	x, (0x0d, sp)
      00011F 26 07            [ 1]  406 	jrne	00194$
      000121 1E 0B            [ 2]  407 	ldw	x, (0x0b, sp)
      000123 26 03            [ 1]  408 	jrne	00194$
      000125 CCr01r67         [ 2]  409 	jp	00103$
      000128                        410 00194$:
                           000128   411 	C$diskio.c$102$3_0$357 ==.
                                    412 ;	../src/diskio.c: 102: SD_CS_LOW();
                                    413 ; genPointerGet
      000128 C6 50 0A         [ 1]  414 	ld	a, 0x500a
                                    415 ; genAnd
      00012B A4 EF            [ 1]  416 	and	a, #0xef
                                    417 ; genPointerSet
      00012D C7 50 0A         [ 1]  418 	ld	0x500a, a
                           000130   419 	C$diskio.c$104$3_0$357 ==.
                                    420 ;	../src/diskio.c: 104: SD_SendCmd(SD_CMD_WRITE_SINGLE_BLOCK, sc, 0xFF);
                                    421 ; genIPush
      000130 4B FF            [ 1]  422 	push	#0xff
                                    423 ; genIPush
      000132 1E 0E            [ 2]  424 	ldw	x, (0x0e, sp)
      000134 89               [ 2]  425 	pushw	x
      000135 1E 0E            [ 2]  426 	ldw	x, (0x0e, sp)
      000137 89               [ 2]  427 	pushw	x
                                    428 ; genIPush
      000138 4B 18            [ 1]  429 	push	#0x18
                                    430 ; genCall
      00013A CDr00r00         [ 4]  431 	call	_SD_SendCmd
      00013D 5B 06            [ 2]  432 	addw	sp, #6
                           00013F   433 	C$diskio.c$107$3_0$357 ==.
                                    434 ;	../src/diskio.c: 107: if (!SD_GetResponse(SD_RESPONSE_NO_ERROR))
                                    435 ; genIPush
      00013F 4B 00            [ 1]  436 	push	#0x00
                                    437 ; genCall
      000141 CDr00r00         [ 4]  438 	call	_SD_GetResponse
      000144 5B 01            [ 2]  439 	addw	sp, #1
                                    440 ; genIfx
      000146 4D               [ 1]  441 	tnz	a
      000147 27 03            [ 1]  442 	jreq	00195$
      000149 CCr02r6F         [ 2]  443 	jp	00120$
      00014C                        444 00195$:
                           00014C   445 	C$diskio.c$110$4_0$358 ==.
                                    446 ;	../src/diskio.c: 110: SD_WriteByte(SD_DUMMY_BYTE);
                                    447 ; genIPush
      00014C 4B FF            [ 1]  448 	push	#0xff
                                    449 ; genCall
      00014E CDr00r00         [ 4]  450 	call	_SD_WriteByte
      000151 84               [ 1]  451 	pop	a
                           000152   452 	C$diskio.c$112$4_0$358 ==.
                                    453 ;	../src/diskio.c: 112: SD_WriteByte(0xFE);
                                    454 ; genIPush
      000152 4B FE            [ 1]  455 	push	#0xfe
                                    456 ; genCall
      000154 CDr00r00         [ 4]  457 	call	_SD_WriteByte
      000157 84               [ 1]  458 	pop	a
                           000158   459 	C$diskio.c$113$4_0$358 ==.
                                    460 ;	../src/diskio.c: 113: byteLeft = 512;
                                    461 ; genAssign
      000158 AE 02 00         [ 2]  462 	ldw	x, #0x0200
      00015B CFu00u02         [ 2]  463 	ldw	_disk_writep_byteLeft_65536_355+2, x
      00015E 5F               [ 1]  464 	clrw	x
      00015F CFu00u00         [ 2]  465 	ldw	_disk_writep_byteLeft_65536_355+0, x
                           000162   466 	C$diskio.c$114$4_0$358 ==.
                                    467 ;	../src/diskio.c: 114: res =  RES_OK;
                                    468 ; genAssign
      000162 0F 02            [ 1]  469 	clr	(0x02, sp)
                                    470 ; genGoto
      000164 CCr02r6F         [ 2]  471 	jp	00120$
                           000167   472 	C$diskio.c$118$3_0$359 ==.
                                    473 ;	../src/diskio.c: 118: while((byteLeft--)) {
                                    474 ; genLabel
      000167                        475 00103$:
                                    476 ; genAssign
      000167 CEu00u02         [ 2]  477 	ldw	x, _disk_writep_byteLeft_65536_355+2
      00016A 1F 05            [ 2]  478 	ldw	(0x05, sp), x
      00016C CEu00u00         [ 2]  479 	ldw	x, _disk_writep_byteLeft_65536_355+0
      00016F 1F 03            [ 2]  480 	ldw	(0x03, sp), x
                                    481 ; genMinus
      000171 CEu00u02         [ 2]  482 	ldw	x, _disk_writep_byteLeft_65536_355+2
      000174 1D 00 01         [ 2]  483 	subw	x, #0x0001
      000177 90 CEu00u00      [ 2]  484 	ldw	y, _disk_writep_byteLeft_65536_355+0
      00017B 24 02            [ 1]  485 	jrnc	00196$
      00017D 90 5A            [ 2]  486 	decw	y
      00017F                        487 00196$:
                                    488 ; genAssign
      00017F CFu00u02         [ 2]  489 	ldw	_disk_writep_byteLeft_65536_355+2, x
      000182 90 CFu00u00      [ 2]  490 	ldw	_disk_writep_byteLeft_65536_355+0, y
                                    491 ; genIfx
      000186 1E 05            [ 2]  492 	ldw	x, (0x05, sp)
      000188 26 07            [ 1]  493 	jrne	00197$
      00018A 1E 03            [ 2]  494 	ldw	x, (0x03, sp)
      00018C 26 03            [ 1]  495 	jrne	00197$
      00018E CCr01r9A         [ 2]  496 	jp	00105$
      000191                        497 00197$:
                           000191   498 	C$diskio.c$119$4_0$360 ==.
                                    499 ;	../src/diskio.c: 119: SD_WriteByte(0);
                                    500 ; genIPush
      000191 4B 00            [ 1]  501 	push	#0x00
                                    502 ; genCall
      000193 CDr00r00         [ 4]  503 	call	_SD_WriteByte
      000196 84               [ 1]  504 	pop	a
                                    505 ; genGoto
      000197 CCr01r67         [ 2]  506 	jp	00103$
                                    507 ; genLabel
      00019A                        508 00105$:
                           00019A   509 	C$diskio.c$122$3_0$359 ==.
                                    510 ;	../src/diskio.c: 122: SD_WriteByte(0);
                                    511 ; genIPush
      00019A 4B 00            [ 1]  512 	push	#0x00
                                    513 ; genCall
      00019C CDr00r00         [ 4]  514 	call	_SD_WriteByte
      00019F 84               [ 1]  515 	pop	a
                           0001A0   516 	C$diskio.c$123$3_0$359 ==.
                                    517 ;	../src/diskio.c: 123: SD_WriteByte(0);
                                    518 ; genIPush
      0001A0 4B 00            [ 1]  519 	push	#0x00
                                    520 ; genCall
      0001A2 CDr00r00         [ 4]  521 	call	_SD_WriteByte
      0001A5 84               [ 1]  522 	pop	a
                           0001A6   523 	C$diskio.c$126$3_0$359 ==.
                                    524 ;	../src/diskio.c: 126: if (SD_GetDataResponse() == SD_DATA_OK){
                                    525 ; genCall
      0001A6 CDr00r00         [ 4]  526 	call	_SD_GetDataResponse
                                    527 ; genCmpEQorNE
      0001A9 A1 05            [ 1]  528 	cp	a, #0x05
      0001AB 26 03            [ 1]  529 	jrne	00199$
      0001AD CCr01rB3         [ 2]  530 	jp	00200$
      0001B0                        531 00199$:
      0001B0 CCr02r05         [ 2]  532 	jp	00110$
      0001B3                        533 00200$:
                                    534 ; skipping generated iCode
                           0001B3   535 	C$diskio.c$127$5_0$362 ==.
                                    536 ;	../src/diskio.c: 127: for (byteLeft = 5000;
                                    537 ; genAssign
      0001B3 AE 13 88         [ 2]  538 	ldw	x, #0x1388
      0001B6 CFu00u02         [ 2]  539 	ldw	_disk_writep_byteLeft_65536_355+2, x
      0001B9 5F               [ 1]  540 	clrw	x
      0001BA CFu00u00         [ 2]  541 	ldw	_disk_writep_byteLeft_65536_355+0, x
                                    542 ; genLabel
      0001BD                        543 00123$:
                           0001BD   544 	C$diskio.c$128$5_0$362 ==.
                                    545 ;	../src/diskio.c: 128: (SD_ReadByte() != 0xFF) && byteLeft;
                                    546 ; genCall
      0001BD CDr00r00         [ 4]  547 	call	_SD_ReadByte
                                    548 ; genCmpEQorNE
      0001C0 4C               [ 1]  549 	inc	a
      0001C1 26 03            [ 1]  550 	jrne	00202$
      0001C3 CCr01rF6         [ 2]  551 	jp	00106$
      0001C6                        552 00202$:
                                    553 ; skipping generated iCode
                                    554 ; genIfx
      0001C6 CEu00u02         [ 2]  555 	ldw	x, _disk_writep_byteLeft_65536_355+2
      0001C9 26 08            [ 1]  556 	jrne	00204$
      0001CB CEu00u00         [ 2]  557 	ldw	x, _disk_writep_byteLeft_65536_355+0
      0001CE 26 03            [ 1]  558 	jrne	00204$
      0001D0 CCr01rF6         [ 2]  559 	jp	00106$
      0001D3                        560 00204$:
                           0001D3   561 	C$diskio.c$130$6_0$363 ==.
                                    562 ;	../src/diskio.c: 130: dly(1);
                                    563 ; genIPush
      0001D3 4B 01            [ 1]  564 	push	#0x01
      0001D5 5F               [ 1]  565 	clrw	x
      0001D6 89               [ 2]  566 	pushw	x
      0001D7 4B 00            [ 1]  567 	push	#0x00
                                    568 ; genCall
      0001D9 CDr00r00         [ 4]  569 	call	_dly
      0001DC 5B 04            [ 2]  570 	addw	sp, #4
                           0001DE   571 	C$diskio.c$129$5_0$362 ==.
                                    572 ;	../src/diskio.c: 129: byteLeft--) {	/* Wait for ready */
                                    573 ; genMinus
      0001DE CEu00u02         [ 2]  574 	ldw	x, _disk_writep_byteLeft_65536_355+2
      0001E1 1D 00 01         [ 2]  575 	subw	x, #0x0001
      0001E4 90 CEu00u00      [ 2]  576 	ldw	y, _disk_writep_byteLeft_65536_355+0
      0001E8 24 02            [ 1]  577 	jrnc	00205$
      0001EA 90 5A            [ 2]  578 	decw	y
      0001EC                        579 00205$:
                                    580 ; genAssign
      0001EC CFu00u02         [ 2]  581 	ldw	_disk_writep_byteLeft_65536_355+2, x
      0001EF 90 CFu00u00      [ 2]  582 	ldw	_disk_writep_byteLeft_65536_355+0, y
                                    583 ; genGoto
      0001F3 CCr01rBD         [ 2]  584 	jp	00123$
                                    585 ; genLabel
      0001F6                        586 00106$:
                           0001F6   587 	C$diskio.c$132$4_0$361 ==.
                                    588 ;	../src/diskio.c: 132: if(byteLeft) res = RES_OK;
                                    589 ; genIfx
      0001F6 CEu00u02         [ 2]  590 	ldw	x, _disk_writep_byteLeft_65536_355+2
      0001F9 26 08            [ 1]  591 	jrne	00206$
      0001FB CEu00u00         [ 2]  592 	ldw	x, _disk_writep_byteLeft_65536_355+0
      0001FE 26 03            [ 1]  593 	jrne	00206$
      000200 CCr02r05         [ 2]  594 	jp	00110$
      000203                        595 00206$:
                                    596 ; genAssign
      000203 0F 02            [ 1]  597 	clr	(0x02, sp)
                                    598 ; genLabel
      000205                        599 00110$:
                           000205   600 	C$diskio.c$136$3_0$359 ==.
                                    601 ;	../src/diskio.c: 136: SD_CS_HIGH();
                                    602 ; genPointerGet
      000205 C6 50 0A         [ 1]  603 	ld	a, 0x500a
                                    604 ; genOr
      000208 AA 10            [ 1]  605 	or	a, #0x10
                                    606 ; genPointerSet
      00020A C7 50 0A         [ 1]  607 	ld	0x500a, a
                           00020D   608 	C$diskio.c$138$3_0$359 ==.
                                    609 ;	../src/diskio.c: 138: SD_WriteByte(SD_DUMMY_BYTE);
                                    610 ; genIPush
      00020D 4B FF            [ 1]  611 	push	#0xff
                                    612 ; genCall
      00020F CDr00r00         [ 4]  613 	call	_SD_WriteByte
      000212 84               [ 1]  614 	pop	a
                                    615 ; genGoto
      000213 CCr02r6F         [ 2]  616 	jp	00120$
                           000216   617 	C$diskio.c$143$1_0$355 ==.
                                    618 ;	../src/diskio.c: 143: while((byteLeft)&&(sc))
                                    619 ; genLabel
      000216                        620 00139$:
                                    621 ; genAssign
      000216 16 09            [ 2]  622 	ldw	y, (0x09, sp)
      000218 17 01            [ 2]  623 	ldw	(0x01, sp), y
                                    624 ; genAssign
      00021A 16 0D            [ 2]  625 	ldw	y, (0x0d, sp)
      00021C 17 05            [ 2]  626 	ldw	(0x05, sp), y
      00021E 16 0B            [ 2]  627 	ldw	y, (0x0b, sp)
      000220 17 03            [ 2]  628 	ldw	(0x03, sp), y
                                    629 ; genLabel
      000222                        630 00115$:
                                    631 ; genIfx
      000222 CEu00u02         [ 2]  632 	ldw	x, _disk_writep_byteLeft_65536_355+2
      000225 26 08            [ 1]  633 	jrne	00207$
      000227 CEu00u00         [ 2]  634 	ldw	x, _disk_writep_byteLeft_65536_355+0
      00022A 26 03            [ 1]  635 	jrne	00207$
      00022C CCr02r6D         [ 2]  636 	jp	00117$
      00022F                        637 00207$:
                                    638 ; genIfx
      00022F 1E 05            [ 2]  639 	ldw	x, (0x05, sp)
      000231 26 07            [ 1]  640 	jrne	00208$
      000233 1E 03            [ 2]  641 	ldw	x, (0x03, sp)
      000235 26 03            [ 1]  642 	jrne	00208$
      000237 CCr02r6D         [ 2]  643 	jp	00117$
      00023A                        644 00208$:
                           00023A   645 	C$diskio.c$146$3_0$365 ==.
                                    646 ;	../src/diskio.c: 146: SD_WriteByte(*buff);
                                    647 ; genPointerGet
      00023A 1E 01            [ 2]  648 	ldw	x, (0x01, sp)
      00023C F6               [ 1]  649 	ld	a, (x)
                                    650 ; genIPush
      00023D 88               [ 1]  651 	push	a
                                    652 ; genCall
      00023E CDr00r00         [ 4]  653 	call	_SD_WriteByte
      000241 84               [ 1]  654 	pop	a
                           000242   655 	C$diskio.c$148$3_0$365 ==.
                                    656 ;	../src/diskio.c: 148: buff++;byteLeft--;sc--;
                                    657 ; genPlus
      000242 1E 01            [ 2]  658 	ldw	x, (0x01, sp)
      000244 5C               [ 1]  659 	incw	x
      000245 1F 01            [ 2]  660 	ldw	(0x01, sp), x
      000247                        661 00209$:
                                    662 ; genMinus
      000247 CEu00u02         [ 2]  663 	ldw	x, _disk_writep_byteLeft_65536_355+2
      00024A 1D 00 01         [ 2]  664 	subw	x, #0x0001
      00024D 90 CEu00u00      [ 2]  665 	ldw	y, _disk_writep_byteLeft_65536_355+0
      000251 24 02            [ 1]  666 	jrnc	00210$
      000253 90 5A            [ 2]  667 	decw	y
      000255                        668 00210$:
                                    669 ; genAssign
      000255 CFu00u02         [ 2]  670 	ldw	_disk_writep_byteLeft_65536_355+2, x
      000258 90 CFu00u00      [ 2]  671 	ldw	_disk_writep_byteLeft_65536_355+0, y
                                    672 ; genMinus
      00025C 1E 05            [ 2]  673 	ldw	x, (0x05, sp)
      00025E 1D 00 01         [ 2]  674 	subw	x, #0x0001
      000261 1F 05            [ 2]  675 	ldw	(0x05, sp), x
      000263 1E 03            [ 2]  676 	ldw	x, (0x03, sp)
      000265 24 01            [ 1]  677 	jrnc	00211$
      000267 5A               [ 2]  678 	decw	x
      000268                        679 00211$:
      000268 1F 03            [ 2]  680 	ldw	(0x03, sp), x
                                    681 ; genGoto
      00026A CCr02r22         [ 2]  682 	jp	00115$
                                    683 ; genLabel
      00026D                        684 00117$:
                           00026D   685 	C$diskio.c$150$2_0$364 ==.
                                    686 ;	../src/diskio.c: 150: res = RES_OK;
                                    687 ; genAssign
      00026D 0F 02            [ 1]  688 	clr	(0x02, sp)
                                    689 ; genLabel
      00026F                        690 00120$:
                           00026F   691 	C$diskio.c$153$1_0$355 ==.
                                    692 ;	../src/diskio.c: 153: return res;
                                    693 ; genReturn
      00026F 7B 02            [ 1]  694 	ld	a, (0x02, sp)
                                    695 ; genLabel
      000271                        696 00125$:
                           000271   697 	C$diskio.c$154$1_0$355 ==.
                                    698 ;	../src/diskio.c: 154: }
                                    699 ; genEndFunction
      000271 5B 06            [ 2]  700 	addw	sp, #6
                           000273   701 	C$diskio.c$154$1_0$355 ==.
                           000273   702 	XG$disk_writep$0$0 ==.
      000273 81               [ 4]  703 	ret
                                    704 	.area CODE
                                    705 	.area CONST
                                    706 	.area INITIALIZER
                                    707 	.area CABS (ABS)
